<?xml version="1.0" encoding="UTF-8"?>
<!-- Generated by org.testng.reporters.JUnitReportReporter -->
<testsuite hostname="DESKTOP-8TVKRG1" failures="0" tests="1" name="basics.GetListUsers" time="2.419" errors="0" timestamp="2023-03-19T16:50:19 IST" skipped="0">
  <testcase classname="basics.GetListUsers" name="getListOfUsers" time="2.419"/>
  <system-out/>
</testsuite> <!-- basics.GetListUsers -->
